[0mGET / [32m200[0m 159.156 ms - 34417[0m
[0mGET / [36m304[0m 89.044 ms - -[0m
[0mGET /users/signout [36m302[0m 20.601 ms - 46[0m
[0mGET / [32m200[0m 32.042 ms - 15978[0m
[0mGET /users/signin [36m304[0m 14.116 ms - -[0m
[0mGET /users/auth/google [36m302[0m 7.739 ms - 0[0m
[0mGET /users/auth/google/callback?code=4%2F0AfJohXloB4UfccZD6fe4IAyB2YKuOhz_2VE7qiLVxpRCdsyOh1Ep05l0bEaTlP6IHTVOsw&scope=email+profile+https%3A%2F%2Fwww.googleapis.com%2Fauth%2Fuserinfo.profile+https%3A%2F%2Fwww.googleapis.com%2Fauth%2Fuserinfo.email+openid&authuser=0&prompt=none [36m302[0m 11377.740 ms - 46[0m
[0mGET / [32m200[0m 53.378 ms - 34647[0m
[0mGET / [32m200[0m 131.537 ms - 15760[0m
[0mGET /users/signin [36m304[0m 29.640 ms - -[0m
[0mGET /users/auth/google [36m302[0m 16.826 ms - 0[0m
[0mGET /users/auth/google/callback?code=4%2F0AfJohXnuQrh3LvscmDxZ3Qm6Ehe82OPaIoI17xDQkIEyQbDOVtDLYJqW-Wdja_j5w4j8Nw&scope=email+profile+https%3A%2F%2Fwww.googleapis.com%2Fauth%2Fuserinfo.profile+https%3A%2F%2Fwww.googleapis.com%2Fauth%2Fuserinfo.email+openid&authuser=0&prompt=none [36m302[0m 1178.118 ms - 46[0m
[0mGET / [32m200[0m 48.139 ms - 34647[0m
[0mGET / [32m200[0m 117.135 ms - 34417[0m
[0mGET / [36m304[0m 85.551 ms - -[0m
[0mGET / [36m304[0m 99.569 ms - -[0m
[0mGET / [36m304[0m 57.500 ms - -[0m
[0mGET / [36m304[0m 136.919 ms - -[0m
[0mGET / [36m304[0m 135.872 ms - -[0m
[0mGET / [36m304[0m 52.857 ms - -[0m
[0mGET / [36m304[0m 42.915 ms - -[0m
[0mGET / [36m304[0m 50.899 ms - -[0m
[0mGET / [36m304[0m 64.285 ms - -[0m
[0mGET / [36m304[0m 123.539 ms - -[0m
[0mGET /users/signout [36m302[0m 32.518 ms - 46[0m
[0mGET / [32m200[0m 36.118 ms - 15978[0m
[0mGET / [32m200[0m 111.572 ms - 15760[0m
[0mGET / [36m304[0m 48.131 ms - -[0m
[0mGET / [36m304[0m 131.267 ms - -[0m
[0mGET / [36m304[0m 73.642 ms - -[0m
[0mGET / [36m304[0m 41.945 ms - -[0m
[0mGET /users/signin [36m304[0m 9.221 ms - -[0m
[0mGET /users/auth/google [36m302[0m 11.235 ms - 0[0m
[0mGET /users/auth/google/callback?code=4%2F0AfJohXl3CdhDhsXLL6GlO_p2oLvT5a8QGiU_K9Hmdr_iRLSJ1fYjGrhTnuEYaSHP7FwXVQ&scope=email+profile+openid+https%3A%2F%2Fwww.googleapis.com%2Fauth%2Fuserinfo.email+https%3A%2F%2Fwww.googleapis.com%2Fauth%2Fuserinfo.profile&authuser=0&prompt=none [36m302[0m 6224.720 ms - 46[0m
[0mGET / [32m200[0m 41.841 ms - 34647[0m
[0mGET / [32m200[0m 92.172 ms - 34417[0m
[0mGET / [36m304[0m 42.949 ms - -[0m
[0mGET / [36m304[0m 39.915 ms - -[0m
[0mGET / [31m500[0m 73.878 ms - 148[0m
[0mGET / [31m500[0m 83.596 ms - 148[0m
[0mGET / [31m500[0m 95.455 ms - 148[0m
[0mGET / [32m200[0m 76.746 ms - 34412[0m
[0mGET /undefined [33m404[0m 14.383 ms - 148[0m
[0mGET / [36m304[0m 32.250 ms - -[0m
[0mGET /undefined [33m404[0m 10.409 ms - 148[0m
[0mGET / [36m304[0m 40.818 ms - -[0m
[0mGET /undefined [33m404[0m 11.745 ms - 148[0m
[0mGET / [36m304[0m 32.914 ms - -[0m
[0mGET /undefined [33m404[0m 12.355 ms - 148[0m
[0mGET / [32m200[0m 87.886 ms - 34417[0m
[0mGET / [36m304[0m 38.674 ms - -[0m
[0mGET / [36m304[0m 59.504 ms - -[0m
